2014/01/22 13:15:05 [info] [application] Started reservation cron
2014/01/22 13:15:39 [info] [application] Finished reservation cron
2014/01/22 13:20:01 [info] [application] Started reservation cron
2014/01/22 13:20:23 [info] [application] Finished reservation cron
2014/01/22 13:25:00 [info] [application] Started reservation cron
2014/01/22 13:25:23 [info] [application] Finished reservation cron
2014/01/22 13:30:04 [info] [application] Started reservation cron
2014/01/22 13:30:39 [info] [application] Finished reservation cron
2014/01/22 13:35:01 [info] [application] Started reservation cron
2014/01/22 13:35:26 [info] [application] Finished reservation cron
2014/01/22 13:40:01 [info] [application] Started reservation cron
2014/01/22 13:40:24 [info] [application] Finished reservation cron
2014/01/22 13:45:03 [info] [application] Started reservation cron
2014/01/22 13:45:39 [info] [application] Finished reservation cron
2014/01/22 13:50:01 [info] [application] Started reservation cron
2014/01/22 13:50:23 [info] [application] Finished reservation cron
2014/01/22 13:55:01 [info] [application] Started reservation cron
2014/01/22 13:55:23 [info] [application] Finished reservation cron
2014/01/22 14:00:07 [info] [application] Started reservation cron
2014/01/22 14:00:42 [info] [application] Finished reservation cron
2014/01/22 14:05:01 [info] [application] Started reservation cron
2014/01/22 14:05:24 [info] [application] Finished reservation cron
2014/01/22 14:10:00 [info] [application] Started reservation cron
2014/01/22 14:10:23 [info] [application] Finished reservation cron
2014/01/22 14:15:14 [info] [application] Started reservation cron
2014/01/22 14:15:39 [info] [application] Finished reservation cron
2014/01/22 14:20:00 [info] [application] Started reservation cron
2014/01/22 14:20:22 [info] [application] Finished reservation cron
2014/01/22 14:25:01 [info] [application] Started reservation cron
2014/01/22 14:25:01 [info] [application] marking as attended 1964, date:  2014-01-22 13:30:00
2014/01/22 14:25:23 [info] [application] Finished reservation cron
2014/01/22 14:30:02 [info] [application] Started reservation cron
2014/01/22 14:30:38 [info] [application] Finished reservation cron
2014/01/22 14:35:00 [info] [application] Started reservation cron
2014/01/22 14:35:22 [info] [application] Finished reservation cron
2014/01/22 14:40:01 [info] [application] Started reservation cron
2014/01/22 14:40:23 [info] [application] Finished reservation cron
2014/01/22 14:45:04 [info] [application] Started reservation cron
2014/01/22 14:45:16 [info] [application] Finished reservation cron
2014/01/22 14:50:01 [info] [application] Started reservation cron
2014/01/22 14:50:01 [info] [application] Finished reservation cron
2014/01/22 14:55:00 [info] [application] Started reservation cron
2014/01/22 14:55:02 [info] [application] Finished reservation cron
2014/01/22 15:00:10 [info] [application] Started reservation cron
2014/01/22 15:00:24 [info] [application] Finished reservation cron
2014/01/22 15:05:01 [info] [application] Started reservation cron
2014/01/22 15:05:02 [info] [application] Finished reservation cron
2014/01/22 15:10:01 [info] [application] Started reservation cron
2014/01/22 15:10:04 [info] [application] Finished reservation cron
2014/01/22 15:15:06 [info] [application] Started reservation cron
2014/01/22 15:15:18 [info] [application] Finished reservation cron
2014/01/22 15:20:01 [info] [application] Started reservation cron
2014/01/22 15:20:08 [info] [application] Finished reservation cron
2014/01/22 15:25:00 [info] [application] Started reservation cron
2014/01/22 15:25:07 [info] [application] Finished reservation cron
2014/01/22 15:30:08 [info] [application] Started reservation cron
2014/01/22 15:30:18 [info] [application] Finished reservation cron
2014/01/22 15:35:00 [info] [application] Started reservation cron
2014/01/22 15:35:02 [info] [application] Finished reservation cron
2014/01/22 15:40:01 [info] [application] Started reservation cron
2014/01/22 15:40:02 [info] [application] Finished reservation cron
2014/01/22 15:45:07 [info] [application] Started reservation cron
2014/01/22 15:45:24 [info] [application] Finished reservation cron
2014/01/22 15:50:01 [info] [application] Started reservation cron
2014/01/22 15:50:04 [info] [application] Finished reservation cron
2014/01/22 15:55:00 [info] [application] Started reservation cron
2014/01/22 15:55:02 [info] [application] Finished reservation cron
2014/01/22 16:00:10 [info] [application] Started reservation cron
2014/01/22 16:00:22 [info] [application] Finished reservation cron
2014/01/22 16:05:01 [info] [application] Started reservation cron
2014/01/22 16:05:16 [info] [application] Finished reservation cron
2014/01/22 16:10:01 [info] [application] Started reservation cron
2014/01/22 16:10:26 [info] [application] Finished reservation cron
2014/01/22 16:15:06 [info] [application] Started reservation cron
2014/01/22 16:15:40 [info] [application] Finished reservation cron
2014/01/22 16:20:01 [info] [application] Started reservation cron
2014/01/22 16:20:12 [info] [application] Finished reservation cron
2014/01/22 16:25:00 [info] [application] Started reservation cron
2014/01/22 16:25:27 [info] [application] Finished reservation cron
2014/01/22 16:30:02 [info] [application] Started reservation cron
2014/01/22 16:30:21 [info] [application] Finished reservation cron
2014/01/22 16:35:01 [info] [application] Started reservation cron
2014/01/22 16:35:08 [info] [application] Finished reservation cron
2014/01/22 16:40:01 [info] [application] Started reservation cron
2014/01/22 16:40:03 [info] [application] Finished reservation cron
2014/01/22 16:45:02 [info] [application] Started reservation cron
2014/01/22 16:45:26 [info] [application] Finished reservation cron
2014/01/22 16:50:00 [info] [application] Started reservation cron
2014/01/22 16:50:05 [info] [application] Finished reservation cron
2014/01/22 16:55:02 [info] [application] Started reservation cron
2014/01/22 16:55:31 [info] [application] Finished reservation cron
2014/01/22 17:00:03 [info] [application] Started reservation cron
2014/01/22 17:00:32 [info] [application] Finished reservation cron
2014/01/22 17:05:00 [info] [application] Started reservation cron
2014/01/22 17:05:02 [info] [application] Finished reservation cron
2014/01/22 17:10:01 [info] [application] Started reservation cron
2014/01/22 17:10:24 [info] [application] Finished reservation cron
2014/01/22 17:15:02 [info] [application] Started reservation cron
2014/01/22 17:15:17 [info] [application] Finished reservation cron
2014/01/22 17:20:00 [info] [application] Started reservation cron
2014/01/22 17:20:34 [info] [application] Finished reservation cron
2014/01/22 17:25:01 [info] [application] Started reservation cron
2014/01/22 17:25:01 [info] [application] marking as attended 1981, date:  2014-01-22 15:30:00
2014/01/22 17:25:01 [info] [application] marking as attended 1990, date:  2014-01-22 16:30:00
2014/01/22 17:25:21 [info] [application] Finished reservation cron
2014/01/22 17:30:02 [info] [application] Started reservation cron
2014/01/22 17:30:39 [info] [application] Finished reservation cron
2014/01/22 17:35:01 [info] [application] Started reservation cron
2014/01/22 17:35:15 [info] [application] Finished reservation cron
2014/01/22 17:40:00 [info] [application] Started reservation cron
2014/01/22 17:40:05 [info] [application] Finished reservation cron
2014/01/22 17:45:12 [info] [application] Started reservation cron
2014/01/22 17:45:46 [info] [application] Finished reservation cron
2014/01/22 17:50:01 [info] [application] Started reservation cron
2014/01/22 17:50:11 [info] [application] Finished reservation cron
2014/01/22 17:55:01 [info] [application] Started reservation cron
2014/01/22 17:55:26 [info] [application] Finished reservation cron
2014/01/22 18:00:12 [info] [application] Started reservation cron
2014/01/22 18:00:37 [info] [application] Finished reservation cron
2014/01/22 18:05:01 [info] [application] Started reservation cron
2014/01/22 18:05:07 [info] [application] Finished reservation cron
2014/01/22 18:10:01 [info] [application] Started reservation cron
2014/01/22 18:10:11 [info] [application] Finished reservation cron
2014/01/22 18:15:08 [info] [application] Started reservation cron
2014/01/22 18:15:31 [info] [application] Finished reservation cron
2014/01/22 18:20:01 [info] [application] Started reservation cron
2014/01/22 18:20:17 [info] [application] Finished reservation cron
2014/01/22 18:25:00 [info] [application] Started reservation cron
2014/01/22 18:25:30 [info] [application] Finished reservation cron
2014/01/22 18:30:01 [info] [application] Started reservation cron
2014/01/22 18:30:33 [info] [application] Finished reservation cron
2014/01/22 18:35:00 [info] [application] Started reservation cron
2014/01/22 18:35:03 [info] [application] Finished reservation cron
2014/01/22 18:40:01 [info] [application] Started reservation cron
2014/01/22 18:40:19 [info] [application] Finished reservation cron
2014/01/22 18:45:09 [info] [application] Started reservation cron
2014/01/22 18:45:38 [info] [application] Finished reservation cron
2014/01/22 18:50:00 [info] [application] Started reservation cron
2014/01/22 18:50:02 [info] [application] Finished reservation cron
2014/01/22 18:55:00 [info] [application] Started reservation cron
2014/01/22 18:55:03 [info] [application] Finished reservation cron
2014/01/22 19:00:02 [info] [application] Started reservation cron
2014/01/22 19:01:01 [info] [application] Finished reservation cron
2014/01/22 19:05:01 [info] [application] Started reservation cron
2014/01/22 19:05:03 [info] [application] Finished reservation cron
2014/01/22 19:10:00 [info] [application] Started reservation cron
2014/01/22 19:10:08 [info] [application] Finished reservation cron
2014/01/22 19:15:09 [info] [application] Started reservation cron
2014/01/22 19:15:52 [info] [application] Finished reservation cron
2014/01/22 19:20:00 [info] [application] Started reservation cron
2014/01/22 19:20:06 [info] [application] Finished reservation cron
2014/01/22 19:25:01 [info] [application] Started reservation cron
2014/01/22 19:25:23 [info] [application] Finished reservation cron
2014/01/22 19:30:02 [info] [application] Started reservation cron
2014/01/22 19:31:14 [info] [application] Finished reservation cron
2014/01/22 19:35:01 [info] [application] Started reservation cron
2014/01/22 19:35:13 [info] [application] Finished reservation cron
2014/01/22 19:40:01 [info] [application] Started reservation cron
2014/01/22 19:40:28 [info] [application] Finished reservation cron
2014/01/22 19:45:01 [info] [application] Started reservation cron
2014/01/22 19:45:18 [info] [application] Finished reservation cron
2014/01/22 19:50:00 [info] [application] Started reservation cron
2014/01/22 19:50:32 [info] [application] Finished reservation cron
2014/01/22 19:55:01 [info] [application] Started reservation cron
2014/01/22 19:55:26 [info] [application] Finished reservation cron
2014/01/22 20:00:11 [info] [application] Started reservation cron
2014/01/22 20:00:19 [info] [application] billing 1993, date:  2014-01-23 08:00:00
2014/01/22 20:00:35 [info] [application] Finished reservation cron
2014/01/22 20:05:01 [info] [application] Started reservation cron
2014/01/22 20:05:20 [info] [application] Finished reservation cron
2014/01/22 20:10:01 [info] [application] Started reservation cron
2014/01/22 20:10:24 [info] [application] Finished reservation cron
2014/01/22 20:15:02 [info] [application] Started reservation cron
2014/01/22 20:15:17 [info] [application] Finished reservation cron
2014/01/22 20:20:00 [info] [application] Started reservation cron
2014/01/22 20:20:04 [info] [application] Finished reservation cron
2014/01/22 20:25:01 [info] [application] Started reservation cron
2014/01/22 20:25:03 [info] [application] Finished reservation cron
2014/01/22 20:30:13 [info] [application] Started reservation cron
2014/01/22 20:30:42 [info] [application] Finished reservation cron
2014/01/22 20:35:00 [info] [application] Started reservation cron
2014/01/22 20:35:24 [info] [application] Finished reservation cron
2014/01/22 20:40:01 [info] [application] Started reservation cron
2014/01/22 20:40:36 [info] [application] Finished reservation cron
2014/01/22 20:45:13 [info] [application] Started reservation cron
2014/01/22 20:45:43 [info] [application] Finished reservation cron
2014/01/22 20:50:01 [info] [application] Started reservation cron
2014/01/22 20:50:05 [info] [application] Finished reservation cron
2014/01/22 20:55:01 [info] [application] Started reservation cron
2014/01/22 20:55:15 [info] [application] Finished reservation cron
2014/01/22 21:00:12 [info] [application] Started reservation cron
2014/01/22 21:00:58 [info] [application] Finished reservation cron
2014/01/22 21:05:01 [info] [application] Started reservation cron
2014/01/22 21:05:31 [info] [application] Finished reservation cron
2014/01/22 21:10:01 [info] [application] Started reservation cron
2014/01/22 21:10:22 [info] [application] Finished reservation cron
2014/01/22 21:20:00 [info] [application] Started reservation cron
2014/01/22 21:20:21 [info] [application] Finished reservation cron
2014/01/22 21:25:00 [info] [application] Started reservation cron
2014/01/22 21:25:17 [info] [application] Finished reservation cron
2014/01/22 21:30:08 [info] [application] Started reservation cron
2014/01/22 21:30:41 [info] [application] Finished reservation cron
2014/01/22 21:35:00 [info] [application] Started reservation cron
2014/01/22 21:35:24 [info] [application] Finished reservation cron
2014/01/22 21:40:00 [info] [application] Started reservation cron
2014/01/22 21:40:20 [info] [application] Finished reservation cron
2014/01/22 21:45:04 [info] [application] Started reservation cron
2014/01/22 21:45:11 [info] [application] billing 1985, date:  2014-01-23 09:45:00
2014/01/22 21:45:30 [info] [application] Finished reservation cron
2014/01/22 21:50:01 [info] [application] Started reservation cron
2014/01/22 21:50:14 [info] [application] Finished reservation cron
2014/01/22 21:55:01 [info] [application] Started reservation cron
2014/01/22 21:55:40 [info] [application] Finished reservation cron
2014/01/22 22:00:11 [info] [application] Started reservation cron
2014/01/22 22:00:39 [info] [application] Finished reservation cron
2014/01/22 22:05:00 [info] [application] Started reservation cron
2014/01/22 22:05:22 [info] [application] Finished reservation cron
2014/01/22 22:10:01 [info] [application] Started reservation cron
2014/01/22 22:10:27 [info] [application] Finished reservation cron
2014/01/22 22:15:11 [info] [application] Started reservation cron
2014/01/22 22:15:41 [info] [application] Finished reservation cron
2014/01/22 22:20:01 [info] [application] Started reservation cron
2014/01/22 22:20:18 [info] [application] Finished reservation cron
2014/01/22 22:25:00 [info] [application] Started reservation cron
2014/01/22 22:25:29 [info] [application] Finished reservation cron
2014/01/22 22:30:06 [info] [application] Started reservation cron
2014/01/22 22:30:42 [info] [application] Finished reservation cron
2014/01/22 22:35:01 [info] [application] Started reservation cron
2014/01/22 22:35:31 [info] [application] Finished reservation cron
2014/01/22 22:40:01 [info] [application] Started reservation cron
2014/01/22 22:40:04 [info] [application] Finished reservation cron
2014/01/22 22:45:12 [info] [application] Started reservation cron
2014/01/22 22:45:18 [info] [application] Finished reservation cron
2014/01/22 22:50:00 [info] [application] Started reservation cron
2014/01/22 22:50:37 [info] [application] Finished reservation cron
2014/01/22 22:55:00 [info] [application] Started reservation cron
2014/01/22 22:55:31 [info] [application] Finished reservation cron
2014/01/22 23:00:07 [info] [application] Started reservation cron
2014/01/22 23:00:42 [info] [application] Finished reservation cron
2014/01/22 23:05:00 [info] [application] Started reservation cron
2014/01/22 23:05:16 [info] [application] Finished reservation cron
2014/01/22 23:10:00 [info] [application] Started reservation cron
2014/01/22 23:10:41 [info] [application] Finished reservation cron
2014/01/22 23:15:01 [info] [application] Started reservation cron
2014/01/22 23:15:02 [info] [application] billing 1957, date:  2014-01-23 11:15:00
2014/01/22 23:15:43 [info] [application] Finished reservation cron
2014/01/22 23:20:01 [info] [application] Started reservation cron
2014/01/22 23:20:24 [info] [application] Finished reservation cron
2014/01/22 23:25:00 [info] [application] Started reservation cron
2014/01/22 23:25:34 [info] [application] Finished reservation cron
2014/01/22 23:30:02 [info] [application] Started reservation cron
2014/01/22 23:30:23 [info] [application] Finished reservation cron
2014/01/22 23:35:00 [info] [application] Started reservation cron
2014/01/22 23:35:13 [info] [application] Finished reservation cron
2014/01/22 23:40:00 [info] [application] Started reservation cron
2014/01/22 23:40:23 [info] [application] Finished reservation cron
2014/01/22 23:45:03 [info] [application] Started reservation cron
2014/01/22 23:45:35 [info] [application] Finished reservation cron
2014/01/22 23:50:01 [info] [application] Started reservation cron
2014/01/22 23:50:19 [info] [application] Finished reservation cron
2014/01/22 23:55:01 [info] [application] Started reservation cron
2014/01/22 23:55:20 [info] [application] Finished reservation cron
2014/01/23 00:00:03 [info] [application] Started reservation cron
2014/01/23 00:00:42 [info] [application] Finished reservation cron
2014/01/23 00:05:00 [info] [application] Started reservation cron
2014/01/23 00:05:25 [info] [application] Finished reservation cron
2014/01/23 00:10:00 [info] [application] Started reservation cron
2014/01/23 00:10:23 [info] [application] Finished reservation cron
2014/01/23 00:15:05 [info] [application] Started reservation cron
2014/01/23 00:15:11 [info] [application] billing 1987, date:  2014-01-23 12:15:00
2014/01/23 00:15:51 [info] [application] Finished reservation cron
2014/01/23 00:20:01 [info] [application] Started reservation cron
2014/01/23 00:20:20 [info] [application] Finished reservation cron
2014/01/23 00:25:00 [info] [application] Started reservation cron
2014/01/23 00:25:25 [info] [application] Finished reservation cron
2014/01/23 00:30:09 [info] [application] Started reservation cron
2014/01/23 00:30:30 [info] [application] Finished reservation cron
2014/01/23 00:35:00 [info] [application] Started reservation cron
2014/01/23 00:35:26 [info] [application] Finished reservation cron
2014/01/23 00:40:01 [info] [application] Started reservation cron
2014/01/23 00:40:31 [info] [application] Finished reservation cron
2014/01/23 00:45:10 [info] [application] Started reservation cron
2014/01/23 00:45:35 [info] [application] Finished reservation cron
2014/01/23 00:50:00 [info] [application] Started reservation cron
2014/01/23 00:50:46 [info] [application] Finished reservation cron
2014/01/23 00:55:01 [info] [application] Started reservation cron
2014/01/23 00:55:41 [info] [application] Finished reservation cron
2014/01/23 01:00:02 [info] [application] Started reservation cron
2014/01/23 01:00:35 [info] [application] Finished reservation cron
2014/01/23 01:05:01 [info] [application] Started reservation cron
2014/01/23 01:05:26 [info] [application] Finished reservation cron
2014/01/23 01:10:01 [info] [application] Started reservation cron
2014/01/23 01:10:38 [info] [application] Finished reservation cron
2014/01/23 01:15:10 [info] [application] Started reservation cron
2014/01/23 01:15:38 [info] [application] Finished reservation cron
2014/01/23 01:20:01 [info] [application] Started reservation cron
2014/01/23 01:20:20 [info] [application] Finished reservation cron
2014/01/23 01:25:01 [info] [application] Started reservation cron
2014/01/23 01:25:27 [info] [application] Finished reservation cron
2014/01/23 01:30:03 [info] [application] Started reservation cron
2014/01/23 01:30:38 [info] [application] Finished reservation cron
2014/01/23 01:35:01 [info] [application] Started reservation cron
2014/01/23 01:35:26 [info] [application] Finished reservation cron
2014/01/23 01:40:00 [info] [application] Started reservation cron
2014/01/23 01:40:34 [info] [application] Finished reservation cron
2014/01/23 01:45:02 [info] [application] Started reservation cron
2014/01/23 01:45:33 [info] [application] Finished reservation cron
2014/01/23 01:50:00 [info] [application] Started reservation cron
2014/01/23 01:50:33 [info] [application] Finished reservation cron
2014/01/23 01:55:01 [info] [application] Started reservation cron
2014/01/23 01:55:17 [info] [application] Finished reservation cron
2014/01/23 02:00:06 [info] [application] Started reservation cron
2014/01/23 02:00:46 [info] [application] Finished reservation cron
2014/01/23 02:05:00 [info] [application] Started reservation cron
2014/01/23 02:05:37 [info] [application] Finished reservation cron
2014/01/23 02:10:01 [info] [application] Started reservation cron
2014/01/23 02:10:29 [info] [application] Finished reservation cron
2014/01/23 02:15:02 [info] [application] Started reservation cron
2014/01/23 02:15:52 [info] [application] Finished reservation cron
2014/01/23 02:20:01 [info] [application] Started reservation cron
2014/01/23 02:20:40 [info] [application] Finished reservation cron
2014/01/23 02:25:01 [info] [application] Started reservation cron
2014/01/23 02:25:35 [info] [application] Finished reservation cron
2014/01/23 02:30:06 [info] [application] Started reservation cron
2014/01/23 02:30:41 [info] [application] Finished reservation cron
2014/01/23 02:35:01 [info] [application] Started reservation cron
2014/01/23 02:35:30 [info] [application] Finished reservation cron
2014/01/23 02:40:00 [info] [application] Started reservation cron
2014/01/23 02:40:24 [info] [application] Finished reservation cron
2014/01/23 02:45:04 [info] [application] Started reservation cron
2014/01/23 02:45:25 [info] [application] Finished reservation cron
2014/01/23 02:50:01 [info] [application] Started reservation cron
2014/01/23 02:50:42 [info] [application] Finished reservation cron
2014/01/23 02:55:00 [info] [application] Started reservation cron
2014/01/23 02:55:21 [info] [application] Finished reservation cron
2014/01/23 03:00:06 [info] [application] Started reservation cron
2014/01/23 03:00:11 [info] [application] billing 1982, date:  2014-01-23 15:00:00
2014/01/23 03:00:40 [info] [application] Finished reservation cron
2014/01/23 03:05:00 [info] [application] Started reservation cron
2014/01/23 03:05:17 [info] [application] Finished reservation cron
2014/01/23 03:10:00 [info] [application] Started reservation cron
2014/01/23 03:10:22 [info] [application] Finished reservation cron
2014/01/23 03:15:03 [info] [application] Started reservation cron
2014/01/23 03:15:32 [info] [application] Finished reservation cron
2014/01/23 03:20:01 [info] [application] Started reservation cron
2014/01/23 03:20:26 [info] [application] Finished reservation cron
2014/01/23 03:25:00 [info] [application] Started reservation cron
2014/01/23 03:25:28 [info] [application] Finished reservation cron
2014/01/23 03:30:02 [info] [application] Started reservation cron
2014/01/23 03:30:31 [info] [application] Finished reservation cron
2014/01/23 03:35:01 [info] [application] Started reservation cron
2014/01/23 03:35:20 [info] [application] Finished reservation cron
2014/01/23 03:40:01 [info] [application] Started reservation cron
2014/01/23 03:40:24 [info] [application] Finished reservation cron
2014/01/23 03:45:02 [info] [application] Started reservation cron
2014/01/23 03:45:37 [info] [application] Finished reservation cron
2014/01/23 03:50:01 [info] [application] Started reservation cron
2014/01/23 03:50:37 [info] [application] Finished reservation cron
2014/01/23 03:55:00 [info] [application] Started reservation cron
2014/01/23 03:55:38 [info] [application] Finished reservation cron
2014/01/23 04:00:05 [info] [application] Started reservation cron
2014/01/23 04:00:33 [info] [application] Finished reservation cron
2014/01/23 04:05:01 [info] [application] Started reservation cron
2014/01/23 04:05:17 [info] [application] Finished reservation cron
2014/01/23 04:10:01 [info] [application] Started reservation cron
2014/01/23 04:10:25 [info] [application] Finished reservation cron
2014/01/23 04:15:04 [info] [application] Started reservation cron
2014/01/23 04:15:47 [info] [application] Finished reservation cron
2014/01/23 04:20:00 [info] [application] Started reservation cron
2014/01/23 04:20:27 [info] [application] Finished reservation cron
2014/01/23 04:30:09 [info] [application] Started reservation cron
2014/01/23 04:30:39 [info] [application] Finished reservation cron
2014/01/23 04:35:00 [info] [application] Started reservation cron
2014/01/23 04:35:23 [info] [application] Finished reservation cron
2014/01/23 04:40:00 [info] [application] Started reservation cron
2014/01/23 04:40:21 [info] [application] Finished reservation cron
2014/01/23 04:45:01 [info] [application] Started reservation cron
2014/01/23 04:45:32 [info] [application] Finished reservation cron
2014/01/23 04:50:01 [info] [application] Started reservation cron
2014/01/23 04:50:14 [info] [application] Finished reservation cron
2014/01/23 04:55:01 [info] [application] Started reservation cron
2014/01/23 04:55:25 [info] [application] Finished reservation cron
2014/01/23 05:00:03 [info] [application] Started reservation cron
2014/01/23 05:00:11 [info] [application] billing 1936, date:  2014-01-23 17:00:00
2014/01/23 05:00:39 [info] [application] Finished reservation cron
2014/01/23 05:05:01 [info] [application] Started reservation cron
2014/01/23 05:05:25 [info] [application] Finished reservation cron
2014/01/23 05:10:01 [info] [application] Started reservation cron
2014/01/23 05:10:29 [info] [application] Finished reservation cron
2014/01/23 05:15:07 [info] [application] Started reservation cron
2014/01/23 05:15:42 [info] [application] Finished reservation cron
2014/01/23 05:20:00 [info] [application] Started reservation cron
2014/01/23 05:20:13 [info] [application] Finished reservation cron
2014/01/23 05:25:00 [info] [application] Started reservation cron
2014/01/23 05:25:24 [info] [application] Finished reservation cron
2014/01/23 05:30:03 [info] [application] Started reservation cron
2014/01/23 05:30:39 [info] [application] Finished reservation cron
2014/01/23 05:35:01 [info] [application] Started reservation cron
2014/01/23 05:35:22 [info] [application] Finished reservation cron
2014/01/23 05:40:01 [info] [application] Started reservation cron
2014/01/23 05:40:14 [info] [application] Finished reservation cron
2014/01/23 05:45:10 [info] [application] Started reservation cron
2014/01/23 05:45:26 [info] [application] Finished reservation cron
2014/01/23 05:50:01 [info] [application] Started reservation cron
2014/01/23 05:50:13 [info] [application] Finished reservation cron
2014/01/23 05:55:01 [info] [application] Started reservation cron
2014/01/23 05:55:25 [info] [application] Finished reservation cron
2014/01/23 06:00:08 [info] [application] Started reservation cron
2014/01/23 06:00:47 [info] [application] Finished reservation cron
2014/01/23 06:05:01 [info] [application] Started reservation cron
2014/01/23 06:05:26 [info] [application] Finished reservation cron
2014/01/23 06:10:00 [info] [application] Started reservation cron
2014/01/23 06:10:18 [info] [application] Finished reservation cron
2014/01/23 06:15:01 [info] [application] Started reservation cron
2014/01/23 06:15:39 [info] [application] Finished reservation cron
2014/01/23 06:20:00 [info] [application] Started reservation cron
2014/01/23 06:20:28 [info] [application] Finished reservation cron
2014/01/23 06:25:01 [info] [application] Started reservation cron
2014/01/23 06:25:14 [info] [application] Finished reservation cron
2014/01/23 06:30:03 [info] [application] Started reservation cron
2014/01/23 06:30:27 [info] [application] Finished reservation cron
2014/01/23 06:35:00 [info] [application] Started reservation cron
2014/01/23 06:35:21 [info] [application] Finished reservation cron
2014/01/23 06:40:01 [info] [application] Started reservation cron
2014/01/23 06:40:26 [info] [application] Finished reservation cron
2014/01/23 06:45:03 [info] [application] Started reservation cron
2014/01/23 06:45:33 [info] [application] Finished reservation cron
2014/01/23 06:50:01 [info] [application] Started reservation cron
2014/01/23 06:50:24 [info] [application] Finished reservation cron
2014/01/23 06:55:00 [info] [application] Started reservation cron
2014/01/23 06:55:26 [info] [application] Finished reservation cron
2014/01/23 07:00:05 [info] [application] Started reservation cron
2014/01/23 07:00:31 [info] [application] Finished reservation cron
2014/01/23 07:05:01 [info] [application] Started reservation cron
2014/01/23 07:05:17 [info] [application] Finished reservation cron
2014/01/23 07:10:01 [info] [application] Started reservation cron
2014/01/23 07:10:31 [info] [application] Finished reservation cron
2014/01/23 07:15:06 [info] [application] Started reservation cron
2014/01/23 07:15:39 [info] [application] Finished reservation cron
2014/01/23 07:20:02 [info] [application] Started reservation cron
2014/01/23 07:20:20 [info] [application] Finished reservation cron
2014/01/23 07:25:01 [info] [application] Started reservation cron
2014/01/23 07:25:17 [info] [application] Finished reservation cron
2014/01/23 07:30:09 [info] [application] Started reservation cron
2014/01/23 07:30:31 [info] [application] Finished reservation cron
2014/01/23 07:35:01 [info] [application] Started reservation cron
2014/01/23 07:35:24 [info] [application] Finished reservation cron
2014/01/23 07:40:01 [info] [application] Started reservation cron
2014/01/23 07:40:33 [info] [application] Finished reservation cron
2014/01/23 07:45:01 [info] [application] Started reservation cron
2014/01/23 07:45:39 [info] [application] Finished reservation cron
2014/01/23 07:50:01 [info] [application] Started reservation cron
2014/01/23 07:50:13 [info] [application] Finished reservation cron
2014/01/23 07:55:01 [info] [application] Started reservation cron
2014/01/23 07:55:19 [info] [application] Finished reservation cron
2014/01/23 08:00:08 [info] [application] Started reservation cron
2014/01/23 08:00:35 [info] [application] Finished reservation cron
2014/01/23 08:05:01 [info] [application] Started reservation cron
2014/01/23 08:05:22 [info] [application] Finished reservation cron
2014/01/23 08:10:00 [info] [application] Started reservation cron
2014/01/23 08:10:22 [info] [application] Finished reservation cron
2014/01/23 08:15:04 [info] [application] Started reservation cron
2014/01/23 08:15:36 [info] [application] Finished reservation cron
2014/01/23 08:20:01 [info] [application] Started reservation cron
2014/01/23 08:20:33 [info] [application] Finished reservation cron
2014/01/23 08:25:01 [info] [application] Started reservation cron
2014/01/23 08:25:25 [info] [application] Finished reservation cron
2014/01/23 08:30:04 [info] [application] Started reservation cron
2014/01/23 08:30:14 [info] [application] Finished reservation cron
2014/01/23 08:35:01 [info] [application] Started reservation cron
2014/01/23 08:35:18 [info] [application] Finished reservation cron
2014/01/23 08:40:00 [info] [application] Started reservation cron
2014/01/23 08:40:26 [info] [application] Finished reservation cron
2014/01/23 08:45:03 [info] [application] Started reservation cron
2014/01/23 08:45:39 [info] [application] Finished reservation cron
2014/01/23 08:50:00 [info] [application] Started reservation cron
2014/01/23 08:50:27 [info] [application] Finished reservation cron
2014/01/23 08:55:00 [info] [application] Started reservation cron
2014/01/23 08:55:00 [info] [application] marking as attended 1993, date:  2014-01-23 08:00:00
2014/01/23 08:55:18 [info] [application] Finished reservation cron
2014/01/23 09:00:03 [info] [application] Started reservation cron
2014/01/23 09:00:32 [info] [application] Finished reservation cron
2014/01/23 09:05:00 [info] [application] Started reservation cron
2014/01/23 09:05:03 [info] [application] Finished reservation cron
2014/01/23 09:10:01 [info] [application] Started reservation cron
2014/01/23 09:10:34 [info] [application] Finished reservation cron
2014/01/23 09:15:07 [info] [application] Started reservation cron
2014/01/23 09:15:29 [info] [application] Finished reservation cron
2014/01/23 09:20:00 [info] [application] Started reservation cron
2014/01/23 09:20:30 [info] [application] Finished reservation cron
2014/01/23 09:25:00 [info] [application] Started reservation cron
2014/01/23 09:25:24 [info] [application] Finished reservation cron
2014/01/23 09:30:03 [info] [application] Started reservation cron
2014/01/23 09:30:39 [info] [application] Finished reservation cron
2014/01/23 09:35:00 [info] [application] Started reservation cron
2014/01/23 09:35:02 [info] [application] Finished reservation cron
2014/01/23 09:40:02 [info] [application] Started reservation cron
2014/01/23 09:40:23 [info] [application] Finished reservation cron
2014/01/23 09:45:04 [info] [application] Started reservation cron
2014/01/23 09:45:44 [info] [application] Finished reservation cron
2014/01/23 09:50:01 [info] [application] Started reservation cron
2014/01/23 09:50:41 [info] [application] Finished reservation cron
2014/01/23 09:55:01 [info] [application] Started reservation cron
2014/01/23 09:55:28 [info] [application] Finished reservation cron
2014/01/23 10:00:09 [info] [application] Started reservation cron
2014/01/23 10:00:43 [info] [application] Finished reservation cron
2014/01/23 10:05:01 [info] [application] Started reservation cron
2014/01/23 10:05:22 [info] [application] Finished reservation cron
2014/01/23 10:10:01 [info] [application] Started reservation cron
2014/01/23 10:10:32 [info] [application] Finished reservation cron
2014/01/23 10:15:07 [info] [application] Started reservation cron
2014/01/23 10:15:33 [info] [application] Finished reservation cron
2014/01/23 10:20:00 [info] [application] Started reservation cron
2014/01/23 10:20:34 [info] [application] Finished reservation cron
2014/01/23 10:25:00 [info] [application] Started reservation cron
2014/01/23 10:25:15 [info] [application] Finished reservation cron
2014/01/23 10:30:02 [info] [application] Started reservation cron
2014/01/23 10:30:16 [info] [application] Finished reservation cron
2014/01/23 10:35:01 [info] [application] Started reservation cron
2014/01/23 10:35:25 [info] [application] Finished reservation cron
2014/01/23 10:40:01 [info] [application] Started reservation cron
2014/01/23 10:40:01 [info] [application] marking as attended 1985, date:  2014-01-23 09:45:00
2014/01/23 10:40:20 [info] [application] Finished reservation cron
2014/01/23 10:50:01 [info] [application] Started reservation cron
2014/01/23 10:50:23 [info] [application] Finished reservation cron
2014/01/23 10:55:01 [info] [application] Started reservation cron
2014/01/23 10:55:24 [info] [application] Finished reservation cron
2014/01/23 11:00:02 [info] [application] Started reservation cron
2014/01/23 11:00:16 [info] [application] Finished reservation cron
2014/01/23 11:05:01 [info] [application] Started reservation cron
2014/01/23 11:05:43 [info] [application] Finished reservation cron
2014/01/23 11:10:01 [info] [application] Started reservation cron
2014/01/23 11:10:30 [info] [application] Finished reservation cron
2014/01/23 11:15:02 [info] [application] Started reservation cron
2014/01/23 11:15:35 [info] [application] Finished reservation cron
2014/01/23 11:20:01 [info] [application] Started reservation cron
2014/01/23 11:20:21 [info] [application] Finished reservation cron
2014/01/23 11:25:00 [info] [application] Started reservation cron
2014/01/23 11:25:28 [info] [application] Finished reservation cron
2014/01/23 11:30:03 [info] [application] Started reservation cron
2014/01/23 11:30:25 [info] [application] Finished reservation cron
2014/01/23 11:35:00 [info] [application] Started reservation cron
2014/01/23 11:35:38 [info] [application] Finished reservation cron
2014/01/23 11:40:01 [info] [application] Started reservation cron
2014/01/23 11:40:28 [info] [application] Finished reservation cron
2014/01/23 11:45:02 [info] [application] Started reservation cron
2014/01/23 11:45:35 [info] [application] Finished reservation cron
2014/01/23 11:50:01 [info] [application] Started reservation cron
2014/01/23 11:50:36 [info] [application] Finished reservation cron
2014/01/23 11:55:01 [info] [application] Started reservation cron
2014/01/23 11:55:39 [info] [application] Finished reservation cron
2014/01/23 12:00:04 [info] [application] Started reservation cron
2014/01/23 12:00:27 [info] [application] Finished reservation cron
2014/01/23 12:05:00 [info] [application] Started reservation cron
2014/01/23 12:05:28 [info] [application] Finished reservation cron
2014/01/23 12:10:01 [info] [application] Started reservation cron
2014/01/23 12:10:13 [info] [application] Finished reservation cron
2014/01/23 12:15:01 [info] [application] Started reservation cron
2014/01/23 12:15:47 [info] [application] Finished reservation cron
2014/01/23 12:20:01 [info] [application] Started reservation cron
2014/01/23 12:20:21 [info] [application] Finished reservation cron
2014/01/23 12:25:01 [info] [application] Started reservation cron
2014/01/23 12:25:18 [info] [application] Finished reservation cron
2014/01/23 12:30:03 [info] [application] Started reservation cron
2014/01/23 12:30:12 [info] [application] billing 1996, date:  2014-01-23 12:30:00
2014/01/23 12:30:54 [info] [application] Finished reservation cron
2014/01/23 12:35:01 [info] [application] Started reservation cron
2014/01/23 12:35:13 [info] [application] Finished reservation cron
2014/01/23 12:40:00 [info] [application] Started reservation cron
2014/01/23 12:40:22 [info] [application] Finished reservation cron
2014/01/23 12:50:01 [info] [application] Started reservation cron
2014/01/23 12:50:11 [info] [application] Finished reservation cron
2014/01/23 12:55:00 [info] [application] Started reservation cron
2014/01/23 12:55:26 [info] [application] Finished reservation cron
2014/01/23 13:00:04 [info] [application] Started reservation cron
2014/01/23 13:00:38 [info] [application] Finished reservation cron
2014/01/23 13:05:01 [info] [application] Started reservation cron
2014/01/23 13:05:26 [info] [application] Finished reservation cron
2014/01/23 13:10:01 [info] [application] Started reservation cron
2014/01/23 13:10:22 [info] [application] Finished reservation cron
2014/01/23 13:15:04 [info] [application] Started reservation cron
2014/01/23 13:15:36 [info] [application] Finished reservation cron
2014/01/23 13:20:00 [info] [application] Started reservation cron
2014/01/23 13:20:21 [info] [application] Finished reservation cron
2014/01/23 13:25:01 [info] [application] Started reservation cron
2014/01/23 13:25:01 [info] [application] marking as attended 1957, date:  2014-01-23 11:15:00
2014/01/23 13:25:01 [info] [application] marking as attended 1987, date:  2014-01-23 12:15:00
2014/01/23 13:25:01 [info] [application] marking as attended 1996, date:  2014-01-23 12:30:00
2014/01/23 13:25:23 [info] [application] Finished reservation cron
2014/01/23 13:30:08 [info] [application] Started reservation cron
2014/01/23 13:30:30 [info] [application] Finished reservation cron
2014/01/23 13:35:01 [info] [application] Started reservation cron
2014/01/23 13:35:25 [info] [application] Finished reservation cron
2014/01/23 13:40:01 [info] [application] Started reservation cron
2014/01/23 13:40:17 [info] [application] Finished reservation cron
2014/01/23 13:45:05 [info] [application] Started reservation cron
2014/01/23 13:45:39 [info] [application] Finished reservation cron
2014/01/23 13:50:01 [info] [application] Started reservation cron
2014/01/23 13:50:36 [info] [application] Finished reservation cron
2014/01/23 13:55:01 [info] [application] Started reservation cron
2014/01/23 13:55:16 [info] [application] Finished reservation cron
2014/01/23 14:00:03 [info] [application] Started reservation cron
2014/01/23 14:00:36 [info] [application] Finished reservation cron
2014/01/23 14:05:00 [info] [application] Started reservation cron
2014/01/23 14:05:19 [info] [application] Finished reservation cron
2014/01/23 14:10:01 [info] [application] Started reservation cron
2014/01/23 14:10:26 [info] [application] Finished reservation cron
2014/01/23 14:15:03 [info] [application] Started reservation cron
2014/01/23 14:15:37 [info] [application] Finished reservation cron
2014/01/23 14:20:01 [info] [application] Started reservation cron
2014/01/23 14:20:29 [info] [application] Finished reservation cron
2014/01/23 14:25:00 [info] [application] Started reservation cron
2014/01/23 14:25:39 [info] [application] Finished reservation cron
2014/01/23 14:30:05 [info] [application] Started reservation cron
2014/01/23 14:30:24 [info] [application] Finished reservation cron
2014/01/23 14:35:00 [info] [application] Started reservation cron
2014/01/23 14:35:23 [info] [application] Finished reservation cron
2014/01/23 14:40:01 [info] [application] Started reservation cron
2014/01/23 14:40:27 [info] [application] Finished reservation cron
2014/01/23 14:45:03 [info] [application] Started reservation cron
2014/01/23 14:45:38 [info] [application] Finished reservation cron
2014/01/23 14:50:01 [info] [application] Started reservation cron
2014/01/23 14:50:19 [info] [application] Finished reservation cron
2014/01/23 14:55:01 [info] [application] Started reservation cron
2014/01/23 14:55:29 [info] [application] Finished reservation cron
2014/01/23 15:00:02 [info] [application] Started reservation cron
2014/01/23 15:00:40 [info] [application] Finished reservation cron
2014/01/23 15:05:01 [info] [application] Started reservation cron
2014/01/23 15:05:21 [info] [application] Finished reservation cron
2014/01/23 15:10:01 [info] [application] Started reservation cron
2014/01/23 15:10:21 [info] [application] Finished reservation cron
2014/01/23 15:15:11 [info] [application] Started reservation cron
2014/01/23 15:15:33 [info] [application] Finished reservation cron
2014/01/23 15:20:00 [info] [application] Started reservation cron
2014/01/23 15:20:22 [info] [application] Finished reservation cron
2014/01/23 15:25:00 [info] [application] Started reservation cron
2014/01/23 15:25:21 [info] [application] Finished reservation cron
2014/01/23 15:30:03 [info] [application] Started reservation cron
2014/01/23 15:30:43 [info] [application] Finished reservation cron
2014/01/23 15:35:01 [info] [application] Started reservation cron
2014/01/23 15:35:02 [info] [application] Finished reservation cron
2014/01/23 15:40:00 [info] [application] Started reservation cron
2014/01/23 15:40:22 [info] [application] Finished reservation cron
2014/01/23 15:45:09 [info] [application] Started reservation cron
2014/01/23 15:45:34 [info] [application] Finished reservation cron
2014/01/23 15:50:01 [info] [application] Started reservation cron
2014/01/23 15:50:18 [info] [application] Finished reservation cron
2014/01/23 15:55:00 [info] [application] Started reservation cron
2014/01/23 15:55:23 [info] [application] Finished reservation cron
2014/01/23 16:00:06 [info] [application] Started reservation cron
2014/01/23 16:00:46 [info] [application] Finished reservation cron
2014/01/23 16:05:00 [info] [application] Started reservation cron
2014/01/23 16:05:21 [info] [application] Finished reservation cron
2014/01/23 16:10:01 [info] [application] Started reservation cron
2014/01/23 16:10:01 [info] [application] billing 1997, date:  2014-01-23 16:00:00
2014/01/23 16:10:16 [info] [application] Finished reservation cron
2014/01/23 16:15:06 [info] [application] Started reservation cron
2014/01/23 16:15:36 [info] [application] Finished reservation cron
2014/01/23 16:20:00 [info] [application] Started reservation cron
2014/01/23 16:20:21 [info] [application] Finished reservation cron
2014/01/23 16:25:01 [info] [application] Started reservation cron
2014/01/23 16:25:27 [info] [application] Finished reservation cron
2014/01/23 16:30:05 [info] [application] Started reservation cron
2014/01/23 16:30:38 [info] [application] Finished reservation cron
2014/01/23 16:35:00 [info] [application] Started reservation cron
2014/01/23 16:35:16 [info] [application] Finished reservation cron
2014/01/23 16:40:01 [info] [application] Started reservation cron
2014/01/23 16:40:20 [info] [application] Finished reservation cron
2014/01/23 16:45:01 [info] [application] Started reservation cron
2014/01/23 16:45:45 [info] [application] Finished reservation cron
2014/01/23 16:50:01 [info] [application] Started reservation cron
2014/01/23 16:50:05 [info] [application] Finished reservation cron
2014/01/23 16:55:01 [info] [application] Started reservation cron
2014/01/23 16:55:01 [info] [application] marking as attended 1997, date:  2014-01-23 16:00:00
2014/01/23 16:55:15 [info] [application] Finished reservation cron
2014/01/23 17:00:07 [info] [application] Started reservation cron
2014/01/23 17:00:42 [info] [application] Finished reservation cron
2014/01/23 17:05:01 [info] [application] Started reservation cron
2014/01/23 17:05:12 [info] [application] Finished reservation cron
2014/01/23 17:10:01 [info] [application] Started reservation cron
2014/01/23 17:10:19 [info] [application] Finished reservation cron
2014/01/23 17:15:03 [info] [application] Started reservation cron
2014/01/23 17:15:37 [info] [application] Finished reservation cron
2014/01/23 17:20:01 [info] [application] Started reservation cron
2014/01/23 17:20:24 [info] [application] Finished reservation cron
2014/01/23 17:25:01 [info] [application] Started reservation cron
2014/01/23 17:25:16 [info] [application] Finished reservation cron
2014/01/23 17:30:02 [info] [application] Started reservation cron
2014/01/23 17:30:37 [info] [application] Finished reservation cron
2014/01/23 17:35:00 [info] [application] Started reservation cron
2014/01/23 17:35:02 [info] [application] Finished reservation cron
2014/01/23 17:40:01 [info] [application] Started reservation cron
2014/01/23 17:40:39 [info] [application] Finished reservation cron
2014/01/23 17:45:03 [info] [application] Started reservation cron
2014/01/23 17:45:34 [info] [application] Finished reservation cron
2014/01/23 17:50:01 [info] [application] Started reservation cron
2014/01/23 17:50:29 [info] [application] Finished reservation cron
2014/01/23 17:55:01 [info] [application] Started reservation cron
2014/01/23 17:55:01 [info] [application] marking as attended 1936, date:  2014-01-23 17:00:00
2014/01/23 17:55:19 [info] [application] Finished reservation cron
2014/01/23 18:00:05 [info] [application] Started reservation cron
2014/01/23 18:00:42 [info] [application] Finished reservation cron
2014/01/23 18:05:01 [info] [application] Started reservation cron
2014/01/23 18:05:01 [info] [application] billing 1999, date:  2014-01-23 18:00:00
2014/01/23 18:05:26 [info] [application] Finished reservation cron
2014/01/23 18:10:00 [info] [application] Started reservation cron
2014/01/23 18:10:01 [info] [application] billing 2000, date:  2014-01-23 18:00:00
2014/01/23 18:10:33 [info] [application] Finished reservation cron
2014/01/23 18:15:04 [info] [application] Started reservation cron
2014/01/23 18:15:43 [info] [application] Finished reservation cron
2014/01/23 18:20:01 [info] [application] Started reservation cron
2014/01/23 18:20:25 [info] [application] Finished reservation cron
2014/01/23 18:25:01 [info] [application] Started reservation cron
2014/01/23 18:25:30 [info] [application] Finished reservation cron
2014/01/23 18:30:02 [info] [application] Started reservation cron
2014/01/23 18:30:37 [info] [application] Finished reservation cron
2014/01/23 18:35:01 [info] [application] Started reservation cron
2014/01/23 18:35:21 [info] [application] Finished reservation cron
2014/01/23 18:40:01 [info] [application] Started reservation cron
2014/01/23 18:40:28 [info] [application] Finished reservation cron
2014/01/23 18:45:01 [info] [application] Started reservation cron
2014/01/23 18:45:38 [info] [application] Finished reservation cron
2014/01/23 18:50:01 [info] [application] Started reservation cron
2014/01/23 18:50:31 [info] [application] Finished reservation cron
2014/01/23 18:55:01 [info] [application] Started reservation cron
2014/01/23 18:55:01 [info] [application] marking as attended 1999, date:  2014-01-23 18:00:00
2014/01/23 18:55:01 [info] [application] marking as attended 2000, date:  2014-01-23 18:00:00
2014/01/23 18:55:24 [info] [application] Finished reservation cron
2014/01/23 19:00:03 [info] [application] Started reservation cron
2014/01/23 19:00:13 [info] [application] billing 1989, date:  2014-01-24 07:00:00
2014/01/23 19:00:49 [info] [application] Finished reservation cron
2014/01/23 19:05:01 [info] [application] Started reservation cron
2014/01/23 19:05:15 [info] [application] Finished reservation cron
2014/01/23 19:10:01 [info] [application] Started reservation cron
2014/01/23 19:10:35 [info] [application] Finished reservation cron
2014/01/23 19:15:09 [info] [application] Started reservation cron
2014/01/23 19:15:42 [info] [application] Finished reservation cron
2014/01/23 19:20:01 [info] [application] Started reservation cron
2014/01/23 19:20:19 [info] [application] Finished reservation cron
2014/01/23 19:25:01 [info] [application] Started reservation cron
2014/01/23 19:25:25 [info] [application] Finished reservation cron
2014/01/23 19:30:04 [info] [application] Started reservation cron
2014/01/23 19:30:36 [info] [application] Finished reservation cron
2014/01/23 19:35:01 [info] [application] Started reservation cron
2014/01/23 19:35:19 [info] [application] Finished reservation cron
2014/01/23 19:40:01 [info] [application] Started reservation cron
2014/01/23 19:40:18 [info] [application] Finished reservation cron
2014/01/23 19:45:04 [info] [application] Started reservation cron
2014/01/23 19:45:34 [info] [application] Finished reservation cron
2014/01/23 19:50:00 [info] [application] Started reservation cron
2014/01/23 19:50:23 [info] [application] Finished reservation cron
2014/01/23 19:55:01 [info] [application] Started reservation cron
2014/01/23 19:55:17 [info] [application] Finished reservation cron
2014/01/23 20:30:02 [info] [application] Started reservation cron
2014/01/23 20:30:38 [info] [application] Finished reservation cron
2014/01/23 20:35:00 [info] [application] Started reservation cron
2014/01/23 20:35:32 [info] [application] Finished reservation cron
2014/01/23 20:40:01 [info] [application] Started reservation cron
2014/01/23 20:40:24 [info] [application] Finished reservation cron
2014/01/23 20:45:04 [info] [application] Started reservation cron
2014/01/23 20:45:31 [info] [application] Finished reservation cron
2014/01/23 20:50:01 [info] [application] Started reservation cron
2014/01/23 20:50:25 [info] [application] Finished reservation cron
2014/01/23 20:55:00 [info] [application] Started reservation cron
2014/01/23 20:55:22 [info] [application] Finished reservation cron
2014/01/23 21:00:03 [info] [application] Started reservation cron
2014/01/23 21:00:19 [info] [application] Finished reservation cron
2014/01/23 21:05:01 [info] [application] Started reservation cron
2014/01/23 21:05:23 [info] [application] Finished reservation cron
2014/01/23 21:10:00 [info] [application] Started reservation cron
2014/01/23 21:10:26 [info] [application] Finished reservation cron
2014/01/23 21:15:03 [info] [application] Started reservation cron
2014/01/23 21:15:35 [info] [application] Finished reservation cron
2014/01/23 21:20:00 [info] [application] Started reservation cron
2014/01/23 21:20:23 [info] [application] Finished reservation cron
2014/01/23 21:25:02 [info] [application] Started reservation cron
2014/01/23 21:25:24 [info] [application] Finished reservation cron
2014/01/23 21:30:04 [info] [application] Started reservation cron
2014/01/23 21:30:39 [info] [application] Finished reservation cron
2014/01/23 21:35:01 [info] [application] Started reservation cron
2014/01/23 21:35:26 [info] [application] Finished reservation cron
2014/01/23 21:40:01 [info] [application] Started reservation cron
2014/01/23 21:40:25 [info] [application] Finished reservation cron
2014/01/23 21:45:03 [info] [application] Started reservation cron
2014/01/23 21:45:35 [info] [application] Finished reservation cron
2014/01/23 21:50:01 [info] [application] Started reservation cron
2014/01/23 21:50:18 [info] [application] Finished reservation cron
2014/01/23 21:55:00 [info] [application] Started reservation cron
2014/01/23 21:55:22 [info] [application] Finished reservation cron
2014/01/23 22:00:06 [info] [application] Started reservation cron
2014/01/23 22:00:11 [info] [application] billing 1986, date:  2014-01-24 10:00:00
2014/01/23 22:00:38 [info] [application] Finished reservation cron
2014/01/23 22:05:01 [info] [application] Started reservation cron
2014/01/23 22:05:14 [info] [application] Finished reservation cron
2014/01/23 22:10:01 [info] [application] Started reservation cron
2014/01/23 22:10:19 [info] [application] Finished reservation cron
2014/01/23 22:15:03 [info] [application] Started reservation cron
2014/01/23 22:15:25 [info] [application] Finished reservation cron
2014/01/23 22:20:01 [info] [application] Started reservation cron
2014/01/23 22:20:11 [info] [application] Finished reservation cron
2014/01/23 22:30:03 [info] [application] Started reservation cron
2014/01/23 22:30:39 [info] [application] Finished reservation cron
2014/01/23 22:35:00 [info] [application] Started reservation cron
2014/01/23 22:35:27 [info] [application] Finished reservation cron
2014/01/23 22:40:01 [info] [application] Started reservation cron
2014/01/23 22:40:02 [info] [application] Finished reservation cron
2014/01/23 22:45:04 [info] [application] Started reservation cron
2014/01/23 22:45:31 [info] [application] Finished reservation cron
2014/01/23 22:50:01 [info] [application] Started reservation cron
2014/01/23 22:50:33 [info] [application] Finished reservation cron
2014/01/23 22:55:00 [info] [application] Started reservation cron
2014/01/23 22:55:22 [info] [application] Finished reservation cron
2014/01/23 23:00:08 [info] [application] Started reservation cron
2014/01/23 23:00:41 [info] [application] Finished reservation cron
2014/01/23 23:05:00 [info] [application] Started reservation cron
2014/01/23 23:05:22 [info] [application] Finished reservation cron
2014/01/23 23:10:00 [info] [application] Started reservation cron
2014/01/23 23:10:26 [info] [application] Finished reservation cron
2014/01/23 23:15:04 [info] [application] Started reservation cron
2014/01/23 23:15:29 [info] [application] Finished reservation cron
2014/01/23 23:20:01 [info] [application] Started reservation cron
2014/01/23 23:20:15 [info] [application] Finished reservation cron
2014/01/23 23:25:01 [info] [application] Started reservation cron
2014/01/23 23:25:02 [info] [application] Finished reservation cron
2014/01/23 23:30:10 [info] [application] Started reservation cron
2014/01/23 23:30:41 [info] [application] Finished reservation cron
2014/01/23 23:35:01 [info] [application] Started reservation cron
2014/01/23 23:35:17 [info] [application] Finished reservation cron
2014/01/23 23:40:01 [info] [application] Started reservation cron
2014/01/23 23:40:26 [info] [application] Finished reservation cron
2014/01/23 23:45:02 [info] [application] Started reservation cron
2014/01/23 23:45:37 [info] [application] Finished reservation cron
2014/01/23 23:50:01 [info] [application] Started reservation cron
2014/01/23 23:50:22 [info] [application] Finished reservation cron
2014/01/23 23:55:01 [info] [application] Started reservation cron
2014/01/23 23:55:17 [info] [application] Finished reservation cron
2014/01/24 00:00:03 [info] [application] Started reservation cron
2014/01/24 00:00:35 [info] [application] Finished reservation cron
2014/01/24 00:05:00 [info] [application] Started reservation cron
2014/01/24 00:05:18 [info] [application] Finished reservation cron
2014/01/24 00:15:10 [info] [application] Started reservation cron
2014/01/24 00:15:11 [info] [application] billing 1978, date:  2014-01-24 12:15:00
2014/01/24 00:15:14 [info] [application] Finished reservation cron
2014/01/24 00:20:01 [info] [application] Started reservation cron
2014/01/24 00:20:29 [info] [application] Finished reservation cron
2014/01/24 00:25:01 [info] [application] Started reservation cron
2014/01/24 00:25:25 [info] [application] Finished reservation cron
2014/01/24 00:30:04 [info] [application] Started reservation cron
2014/01/24 00:30:27 [info] [application] Finished reservation cron
2014/01/24 00:35:01 [info] [application] Started reservation cron
2014/01/24 00:35:28 [info] [application] Finished reservation cron
2014/01/24 00:40:01 [info] [application] Started reservation cron
2014/01/24 00:40:17 [info] [application] Finished reservation cron
2014/01/24 00:45:04 [info] [application] Started reservation cron
2014/01/24 00:45:27 [info] [application] Finished reservation cron
2014/01/24 00:50:01 [info] [application] Started reservation cron
2014/01/24 00:50:17 [info] [application] Finished reservation cron
2014/01/24 00:55:01 [info] [application] Started reservation cron
2014/01/24 00:55:18 [info] [application] Finished reservation cron
2014/01/24 01:00:07 [info] [application] Started reservation cron
2014/01/24 01:00:29 [info] [application] Finished reservation cron
2014/01/24 01:05:01 [info] [application] Started reservation cron
2014/01/24 01:05:23 [info] [application] Finished reservation cron
2014/01/24 01:10:00 [info] [application] Started reservation cron
2014/01/24 01:10:15 [info] [application] Finished reservation cron
2014/01/24 01:15:05 [info] [application] Started reservation cron
2014/01/24 01:15:30 [info] [application] Finished reservation cron
2014/01/24 01:20:00 [info] [application] Started reservation cron
2014/01/24 01:20:14 [info] [application] Finished reservation cron
2014/01/24 01:25:00 [info] [application] Started reservation cron
2014/01/24 01:25:25 [info] [application] Finished reservation cron
2014/01/24 01:30:06 [info] [application] Started reservation cron
2014/01/24 01:30:23 [info] [application] Finished reservation cron
2014/01/24 01:35:01 [info] [application] Started reservation cron
2014/01/24 01:35:19 [info] [application] Finished reservation cron
2014/01/24 01:40:01 [info] [application] Started reservation cron
2014/01/24 01:40:21 [info] [application] Finished reservation cron
2014/01/24 01:45:03 [info] [application] Started reservation cron
2014/01/24 01:45:38 [info] [application] Finished reservation cron
2014/01/24 01:50:01 [info] [application] Started reservation cron
2014/01/24 01:50:16 [info] [application] Finished reservation cron
2014/01/24 01:55:01 [info] [application] Started reservation cron
2014/01/24 01:55:18 [info] [application] Finished reservation cron
2014/01/24 02:00:03 [info] [application] Started reservation cron
2014/01/24 02:00:36 [info] [application] Finished reservation cron
2014/01/24 02:05:01 [info] [application] Started reservation cron
2014/01/24 02:05:19 [info] [application] Finished reservation cron
2014/01/24 02:10:00 [info] [application] Started reservation cron
2014/01/24 02:10:15 [info] [application] Finished reservation cron
2014/01/24 02:15:02 [info] [application] Started reservation cron
2014/01/24 02:15:34 [info] [application] Finished reservation cron
2014/01/24 02:20:00 [info] [application] Started reservation cron
2014/01/24 02:20:24 [info] [application] Finished reservation cron
2014/01/24 02:25:01 [info] [application] Started reservation cron
2014/01/24 02:25:32 [info] [application] Finished reservation cron
2014/01/24 02:30:02 [info] [application] Started reservation cron
2014/01/24 02:30:26 [info] [application] Finished reservation cron
2014/01/24 02:35:01 [info] [application] Started reservation cron
2014/01/24 02:35:26 [info] [application] Finished reservation cron
2014/01/24 02:40:01 [info] [application] Started reservation cron
2014/01/24 02:40:24 [info] [application] Finished reservation cron
2014/01/24 02:45:08 [info] [application] Started reservation cron
2014/01/24 02:45:26 [info] [application] Finished reservation cron
2014/01/24 02:50:01 [info] [application] Started reservation cron
2014/01/24 02:50:20 [info] [application] Finished reservation cron
2014/01/24 02:55:00 [info] [application] Started reservation cron
2014/01/24 02:55:16 [info] [application] Finished reservation cron
2014/01/24 03:00:04 [info] [application] Started reservation cron
2014/01/24 03:00:11 [info] [application] billing 1983, date:  2014-01-24 15:00:00
2014/01/24 03:00:45 [info] [application] Finished reservation cron
2014/01/24 03:05:00 [info] [application] Started reservation cron
2014/01/24 03:05:17 [info] [application] Finished reservation cron
2014/01/24 03:10:00 [info] [application] Started reservation cron
2014/01/24 03:10:19 [info] [application] Finished reservation cron
2014/01/24 03:15:05 [info] [application] Started reservation cron
2014/01/24 03:15:25 [info] [application] Finished reservation cron
2014/01/24 03:20:00 [info] [application] Started reservation cron
2014/01/24 03:20:17 [info] [application] Finished reservation cron
2014/01/24 03:25:00 [info] [application] Started reservation cron
2014/01/24 03:25:19 [info] [application] Finished reservation cron
2014/01/24 03:30:04 [info] [application] Started reservation cron
2014/01/24 03:30:36 [info] [application] Finished reservation cron
2014/01/24 03:35:01 [info] [application] Started reservation cron
2014/01/24 03:35:25 [info] [application] Finished reservation cron
2014/01/24 03:40:01 [info] [application] Started reservation cron
2014/01/24 03:40:25 [info] [application] Finished reservation cron
2014/01/24 03:45:04 [info] [application] Started reservation cron
2014/01/24 03:45:30 [info] [application] Finished reservation cron
2014/01/24 03:50:01 [info] [application] Started reservation cron
2014/01/24 03:50:22 [info] [application] Finished reservation cron
2014/01/24 03:55:00 [info] [application] Started reservation cron
2014/01/24 03:55:13 [info] [application] Finished reservation cron
2014/01/24 04:00:05 [info] [application] Started reservation cron
2014/01/24 04:00:32 [info] [application] Finished reservation cron
2014/01/24 04:05:01 [info] [application] Started reservation cron
2014/01/24 04:05:33 [info] [application] Finished reservation cron
2014/01/24 04:10:01 [info] [application] Started reservation cron
2014/01/24 04:10:20 [info] [application] Finished reservation cron
2014/01/24 04:15:04 [info] [application] Started reservation cron
2014/01/24 04:15:12 [info] [application] Finished reservation cron
2014/01/24 04:20:00 [info] [application] Started reservation cron
2014/01/24 04:20:02 [info] [application] Finished reservation cron
2014/01/24 04:25:01 [info] [application] Started reservation cron
2014/01/24 04:25:39 [info] [application] Finished reservation cron
2014/01/24 04:30:06 [info] [application] Started reservation cron
2014/01/24 04:30:37 [info] [application] Finished reservation cron
2014/01/24 04:35:00 [info] [application] Started reservation cron
2014/01/24 04:35:22 [info] [application] Finished reservation cron
2014/01/24 04:40:00 [info] [application] Started reservation cron
2014/01/24 04:40:34 [info] [application] Finished reservation cron
2014/01/24 04:45:09 [info] [application] Started reservation cron
2014/01/24 04:45:28 [info] [application] Finished reservation cron
2014/01/24 04:50:01 [info] [application] Started reservation cron
2014/01/24 04:50:09 [info] [application] Finished reservation cron
2014/01/24 04:55:01 [info] [application] Started reservation cron
2014/01/24 04:55:26 [info] [application] Finished reservation cron
2014/01/24 05:00:06 [info] [application] Started reservation cron
2014/01/24 05:00:33 [info] [application] Finished reservation cron
2014/01/24 05:05:00 [info] [application] Started reservation cron
2014/01/24 05:05:20 [info] [application] Finished reservation cron
2014/01/24 05:10:00 [info] [application] Started reservation cron
2014/01/24 05:10:19 [info] [application] Finished reservation cron
2014/01/24 05:15:09 [info] [application] Started reservation cron
2014/01/24 05:15:32 [info] [application] Finished reservation cron
2014/01/24 05:20:01 [info] [application] Started reservation cron
2014/01/24 05:20:21 [info] [application] Finished reservation cron
2014/01/24 05:25:01 [info] [application] Started reservation cron
2014/01/24 05:25:17 [info] [application] Finished reservation cron
2014/01/24 05:30:07 [info] [application] Started reservation cron
2014/01/24 05:30:29 [info] [application] Finished reservation cron
2014/01/24 05:35:01 [info] [application] Started reservation cron
2014/01/24 05:35:14 [info] [application] Finished reservation cron
2014/01/24 05:40:00 [info] [application] Started reservation cron
2014/01/24 05:40:16 [info] [application] Finished reservation cron
2014/01/24 05:45:06 [info] [application] Started reservation cron
2014/01/24 05:45:29 [info] [application] Finished reservation cron
2014/01/24 05:50:00 [info] [application] Started reservation cron
2014/01/24 05:50:34 [info] [application] Finished reservation cron
2014/01/24 05:55:01 [info] [application] Started reservation cron
2014/01/24 05:55:18 [info] [application] Finished reservation cron
2014/01/24 06:00:05 [info] [application] Started reservation cron
2014/01/24 06:00:52 [info] [application] Finished reservation cron
2014/01/24 06:05:01 [info] [application] Started reservation cron
2014/01/24 06:05:27 [info] [application] Finished reservation cron
2014/01/24 06:10:01 [info] [application] Started reservation cron
2014/01/24 06:10:17 [info] [application] Finished reservation cron
2014/01/24 06:15:06 [info] [application] Started reservation cron
2014/01/24 06:15:33 [info] [application] Finished reservation cron
2014/01/24 06:20:01 [info] [application] Started reservation cron
2014/01/24 06:20:16 [info] [application] Finished reservation cron
2014/01/24 06:25:00 [info] [application] Started reservation cron
2014/01/24 06:25:42 [info] [application] Finished reservation cron
2014/01/24 06:35:01 [info] [application] Started reservation cron
2014/01/24 06:35:09 [info] [application] Finished reservation cron
2014/01/24 06:40:01 [info] [application] Started reservation cron
2014/01/24 06:40:25 [info] [application] Finished reservation cron
2014/01/24 06:45:08 [info] [application] Started reservation cron
2014/01/24 06:45:44 [info] [application] Finished reservation cron
2014/01/24 06:50:01 [info] [application] Started reservation cron
2014/01/24 06:50:21 [info] [application] Finished reservation cron
2014/01/24 06:55:00 [info] [application] Started reservation cron
2014/01/24 06:55:15 [info] [application] Finished reservation cron
2014/01/24 07:00:11 [info] [application] Started reservation cron
2014/01/24 07:00:37 [info] [application] Finished reservation cron
2014/01/24 07:05:00 [info] [application] Started reservation cron
2014/01/24 07:05:17 [info] [application] Finished reservation cron
2014/01/24 07:10:01 [info] [application] Started reservation cron
2014/01/24 07:10:37 [info] [application] Finished reservation cron
2014/01/24 07:15:03 [info] [application] Started reservation cron
2014/01/24 07:15:30 [info] [application] Finished reservation cron
2014/01/24 07:20:01 [info] [application] Started reservation cron
2014/01/24 07:20:21 [info] [application] Finished reservation cron
2014/01/24 07:25:01 [info] [application] Started reservation cron
2014/01/24 07:25:14 [info] [application] Finished reservation cron
2014/01/24 07:30:05 [info] [application] Started reservation cron
2014/01/24 07:30:30 [info] [application] Finished reservation cron
2014/01/24 07:35:01 [info] [application] Started reservation cron
2014/01/24 07:35:41 [info] [application] Finished reservation cron
2014/01/24 07:40:00 [info] [application] Started reservation cron
2014/01/24 07:40:23 [info] [application] Finished reservation cron
2014/01/24 07:45:03 [info] [application] Started reservation cron
2014/01/24 07:45:28 [info] [application] Finished reservation cron
2014/01/24 07:50:01 [info] [application] Started reservation cron
2014/01/24 07:50:44 [info] [application] Finished reservation cron
2014/01/24 07:55:00 [info] [application] Started reservation cron
2014/01/24 07:55:00 [info] [application] marking as attended 1989, date:  2014-01-24 07:00:00
2014/01/24 07:55:02 [info] [application] Finished reservation cron
2014/01/24 08:00:06 [info] [application] Started reservation cron
2014/01/24 08:00:49 [info] [application] Finished reservation cron
2014/01/24 08:05:01 [info] [application] Started reservation cron
2014/01/24 08:05:04 [info] [application] Finished reservation cron
2014/01/24 08:10:01 [info] [application] Started reservation cron
2014/01/24 08:10:18 [info] [application] Finished reservation cron
2014/01/24 08:15:02 [info] [application] Started reservation cron
2014/01/24 08:15:51 [info] [application] Finished reservation cron
2014/01/24 08:20:01 [info] [application] Started reservation cron
2014/01/24 08:20:17 [info] [application] Finished reservation cron
2014/01/24 08:25:00 [info] [application] Started reservation cron
2014/01/24 08:25:18 [info] [application] Finished reservation cron
2014/01/24 08:30:04 [info] [application] Started reservation cron
2014/01/24 08:30:33 [info] [application] Finished reservation cron
2014/01/24 08:35:01 [info] [application] Started reservation cron
2014/01/24 08:35:23 [info] [application] Finished reservation cron
2014/01/24 08:40:01 [info] [application] Started reservation cron
2014/01/24 08:40:21 [info] [application] Finished reservation cron
2014/01/24 08:45:03 [info] [application] Started reservation cron
2014/01/24 08:45:24 [info] [application] Finished reservation cron
2014/01/24 14:46:52 [info] [application] hello
2014/01/24 13:57:14 [info] [application] hello
2014/01/24 13:58:25 [info] [application] hello
